mode: set
asyncFuncCounter/asyncFuncCounter.go:22.13,27.16 3 0
asyncFuncCounter/asyncFuncCounter.go:32.2,33.16 2 0
asyncFuncCounter/asyncFuncCounter.go:36.2,42.3 1 0
asyncFuncCounter/asyncFuncCounter.go:27.16,29.3 1 0
asyncFuncCounter/asyncFuncCounter.go:33.16,35.3 1 0
asyncFuncCounter/asyncFuncCounter.go:47.62,49.20 1 1
asyncFuncCounter/asyncFuncCounter.go:55.2,56.27 2 1
asyncFuncCounter/asyncFuncCounter.go:61.2,62.27 2 1
asyncFuncCounter/asyncFuncCounter.go:66.2,66.20 1 1
asyncFuncCounter/asyncFuncCounter.go:49.20,52.3 2 1
asyncFuncCounter/asyncFuncCounter.go:56.27,58.3 1 1
asyncFuncCounter/asyncFuncCounter.go:62.27,64.3 1 1
asyncFuncCounter/asyncFuncCounter.go:71.62,74.66 3 1
asyncFuncCounter/asyncFuncCounter.go:92.2,92.22 1 1
asyncFuncCounter/asyncFuncCounter.go:74.66,75.35 1 1
asyncFuncCounter/asyncFuncCounter.go:90.3,90.26 1 1
asyncFuncCounter/asyncFuncCounter.go:75.35,77.10 2 1
asyncFuncCounter/asyncFuncCounter.go:77.10,78.31 1 1
asyncFuncCounter/asyncFuncCounter.go:78.31,79.49 1 1
asyncFuncCounter/asyncFuncCounter.go:86.6,86.36 1 1
asyncFuncCounter/asyncFuncCounter.go:79.49,81.14 2 1
asyncFuncCounter/asyncFuncCounter.go:84.7,84.18 1 1
asyncFuncCounter/asyncFuncCounter.go:81.14,83.8 1 1
asyncFuncCounter/targetFileWithSomeGoFunc.go:7.16,9.2 1 0
asyncFuncCounter/targetFileWithSomeGoFunc.go:11.22,18.12 7 0
asyncFuncCounter/targetFileWithSomeGoFunc.go:18.12,20.3 1 0
asyncFuncCounter/targetFileWithSomeGoFunc.go:23.13,25.2 1 0
asyncFuncCounter/tfunction.go:5.12,8.12 3 0
asyncFuncCounter/tfunction.go:8.12,10.3 1 0
asyncFuncCounter/tfunction.go:13.12,15.2 1 0
asyncFuncCounter/tfunction.go:17.12,20.2 2 0
